2023-08-03T22:54:50.299Z	INFO	code/main.go:32	server listening on: http://localhost:8000
2023-08-03T22:54:59.975Z	ERROR	runtime/asm_amd64.s:1598	method Update not implemented
runtime.goexit
	/usr/local/go/src/runtime/asm_amd64.s:1598
2023-08-03T22:55:39.237Z	INFO	runtime/asm_amd64.s:1598	Character: rawa created
2023-08-04T01:02:40.382Z	INFO	code/main.go:32	server listening on: http://localhost:8000
2023-08-04T01:02:49.607Z	INFO	runtime/asm_amd64.s:1598	Character: rawa created
2023-08-04T01:12:14.118Z	INFO	code/main.go:32	server listening on: http://localhost:8000
2023-08-04T01:12:22.059Z	INFO	runtime/asm_amd64.s:1598	Character: rawa created
2023-08-04T01:12:57.421Z	INFO	runtime/asm_amd64.s:1598	Character: mollit created
2023-08-04T01:13:37.639Z	INFO	runtime/asm_amd64.s:1598	Character: mollit aliquip created
2023-08-04T01:21:55.084Z	INFO	code/main.go:32	server listening on: http://localhost:8000
2023-08-04T01:23:12.239Z	INFO	code/main.go:32	server listening on: http://localhost:8000
2023-08-04T01:24:13.225Z	INFO	code/main.go:32	server listening on: http://localhost:8000
2023-08-04T01:24:35.026Z	INFO	runtime/asm_amd64.s:1598	Character: nostrud aute eiusmod proident created
2023-08-04T01:24:46.960Z	INFO	runtime/asm_amd64.s:1598	Character: Ut mollit created
2023-08-04T01:25:05.058Z	INFO	runtime/asm_amd64.s:1598	Character: eiusmod dolore created
2023-08-04T01:25:07.884Z	INFO	runtime/asm_amd64.s:1598	Characters returned
2023-08-04T01:25:21.369Z	INFO	runtime/asm_amd64.s:1598	Character: eiusmod dolore returned
2023-08-04T01:26:00.979Z	INFO	runtime/asm_amd64.s:1598	Character: enim ut updated
2023-08-04T01:26:07.888Z	INFO	runtime/asm_amd64.s:1598	Characters returned
2023-08-04T01:26:34.700Z	INFO	runtime/asm_amd64.s:1598	Character: enim uat updated
2023-08-04T01:26:41.032Z	INFO	runtime/asm_amd64.s:1598	Characters returned
2023-08-04T01:26:51.899Z	INFO	runtime/asm_amd64.s:1598	Character deleted
2023-08-04T01:26:55.179Z	INFO	runtime/asm_amd64.s:1598	Characters returned
2023-08-04T01:28:46.433Z	INFO	code/main.go:32	server listening on: http://localhost:8000
2023-08-04T01:29:03.583Z	INFO	runtime/asm_amd64.s:1598	Character: commodo tempor occaecat sed created
2023-08-04T01:29:07.043Z	INFO	runtime/asm_amd64.s:1598	Characters returned
2023-08-04T01:29:28.799Z	INFO	runtime/asm_amd64.s:1598	Character: minim consequat ad created
2023-08-04T01:29:37.494Z	INFO	runtime/asm_amd64.s:1598	Character: aute created
2023-08-04T01:29:40.310Z	INFO	runtime/asm_amd64.s:1598	Characters returned
2023-08-04T01:30:06.412Z	INFO	runtime/asm_amd64.s:1598	Character: dolor do updated
2023-08-04T01:30:12.585Z	INFO	runtime/asm_amd64.s:1598	Characters returned
2023-08-04T01:30:44.389Z	ERROR	runtime/asm_amd64.s:1598	method Enter not implemented
runtime.goexit
	/usr/local/go/src/runtime/asm_amd64.s:1598
2023-08-04T01:31:32.218Z	INFO	runtime/asm_amd64.s:1598	Characters returned
